573045993015:ENCOLADO ans_fb269049-cb69-4c5f-b7c9-3c4525ec9cfc
EJECUTANDO:ans_fb269049-cb69-4c5f-b7c9-3c4525ec9cfc
573045993015:SUCCESS
573045993015:ENCOLADO ans_b96ec5fb-7f50-4e55-8e4d-c81a348ff487
EJECUTANDO:ans_b96ec5fb-7f50-4e55-8e4d-c81a348ff487
573045993015:SUCCESS
573045993015:ENCOLADO ans_ed08f146-55c9-4ccb-bafb-21a8cf31329e
EJECUTANDO:ans_ed08f146-55c9-4ccb-bafb-21a8cf31329e
573045993015:SUCCESS
573045993015:ENCOLADO ans_08485148-54fa-4613-8984-64792dc10a92
EJECUTANDO:ans_08485148-54fa-4613-8984-64792dc10a92
573045993015:SUCCESS
573045993015:ENCOLADO ans_db58e8c8-f752-4379-af4e-84c735818e0d
EJECUTANDO:ans_db58e8c8-f752-4379-af4e-84c735818e0d
573045993015:SUCCESS
573045993015:ENCOLADO ans_bec7e616-8b23-4b6d-a4e7-bc05bcca32c1
EJECUTANDO:ans_bec7e616-8b23-4b6d-a4e7-bc05bcca32c1
573045993015:SUCCESS
573045993015:ENCOLADO ans_d856d767-b439-4f70-8fa6-a43112e5c0fb
EJECUTANDO:ans_d856d767-b439-4f70-8fa6-a43112e5c0fb
573045993015:SUCCESS
573045993015:ENCOLADO ans_71754e37-bbaf-4a08-96d1-18747b5d3f93
EJECUTANDO:ans_71754e37-bbaf-4a08-96d1-18747b5d3f93
573045993015:SUCCESS
573045993015:ENCOLADO ans_d742f891-748c-45a6-9fe1-19e8c0b2da13
EJECUTANDO:ans_d742f891-748c-45a6-9fe1-19e8c0b2da13
573045993015:SUCCESS
573183390467:ENCOLADO ans_fb269049-cb69-4c5f-b7c9-3c4525ec9cfc
EJECUTANDO:ans_fb269049-cb69-4c5f-b7c9-3c4525ec9cfc
573183390467:SUCCESS
573183390467:ENCOLADO ans_b96ec5fb-7f50-4e55-8e4d-c81a348ff487
EJECUTANDO:ans_b96ec5fb-7f50-4e55-8e4d-c81a348ff487
573183390467:SUCCESS
573183390467:ENCOLADO ans_382b939d-046b-4685-be29-95a184b3f21f
EJECUTANDO:ans_382b939d-046b-4685-be29-95a184b3f21f
573183390467:SUCCESS
573183390467:ENCOLADO ans_18acd853-9490-4756-b167-42cb2f97bb5a
EJECUTANDO:ans_18acd853-9490-4756-b167-42cb2f97bb5a
573183390467:SUCCESS
573183390467:ENCOLADO ans_a7356de5-7285-4ada-a888-6b1cc896d6da
EJECUTANDO:ans_a7356de5-7285-4ada-a888-6b1cc896d6da
573183390467:SUCCESS
573183390467:ENCOLADO ans_949f5611-ab2d-4bb1-b68c-402b999e3f13
EJECUTANDO:ans_949f5611-ab2d-4bb1-b68c-402b999e3f13
573183390467:SUCCESS
573183390467:ENCOLADO ans_8a148d4c-6215-49bb-a3a9-4305b401fc3d
EJECUTANDO:ans_8a148d4c-6215-49bb-a3a9-4305b401fc3d
573183390467:SUCCESS
573183390467:ENCOLADO ans_fb7caba1-6602-4177-985e-ba66b9dd7c3e
EJECUTANDO:ans_fb7caba1-6602-4177-985e-ba66b9dd7c3e
573183390467:SUCCESS
573183390467:ENCOLADO ans_8546ce14-056b-4fb5-b46f-bb88598f1b62
EJECUTANDO:ans_8546ce14-056b-4fb5-b46f-bb88598f1b62
573183390467:SUCCESS
573183390467:ENCOLADO ans_1586216e-1aa6-481b-bd82-f36eb6c1ed5b
EJECUTANDO:ans_1586216e-1aa6-481b-bd82-f36eb6c1ed5b
573183390467:SUCCESS
573183390467:ENCOLADO ans_fb269049-cb69-4c5f-b7c9-3c4525ec9cfc
EJECUTANDO:ans_fb269049-cb69-4c5f-b7c9-3c4525ec9cfc
573183390467:SUCCESS
573183390467:ENCOLADO ans_b96ec5fb-7f50-4e55-8e4d-c81a348ff487
EJECUTANDO:ans_b96ec5fb-7f50-4e55-8e4d-c81a348ff487
573183390467:SUCCESS
573183390467:ENCOLADO ans_ed08f146-55c9-4ccb-bafb-21a8cf31329e
EJECUTANDO:ans_ed08f146-55c9-4ccb-bafb-21a8cf31329e
573183390467:SUCCESS
573183390467:ENCOLADO ans_08485148-54fa-4613-8984-64792dc10a92
EJECUTANDO:ans_08485148-54fa-4613-8984-64792dc10a92
573183390467:SUCCESS
573183390467:ENCOLADO ans_db58e8c8-f752-4379-af4e-84c735818e0d
EJECUTANDO:ans_db58e8c8-f752-4379-af4e-84c735818e0d
573183390467:SUCCESS
573183390467:ENCOLADO ans_bec7e616-8b23-4b6d-a4e7-bc05bcca32c1
EJECUTANDO:ans_bec7e616-8b23-4b6d-a4e7-bc05bcca32c1
573183390467:SUCCESS
573183390467:ENCOLADO ans_d856d767-b439-4f70-8fa6-a43112e5c0fb
EJECUTANDO:ans_d856d767-b439-4f70-8fa6-a43112e5c0fb
573183390467:SUCCESS
573183390467:ENCOLADO ans_71754e37-bbaf-4a08-96d1-18747b5d3f93
EJECUTANDO:ans_71754e37-bbaf-4a08-96d1-18747b5d3f93
573183390467:SUCCESS
573183390467:ENCOLADO ans_d742f891-748c-45a6-9fe1-19e8c0b2da13
EJECUTANDO:ans_d742f891-748c-45a6-9fe1-19e8c0b2da13
573183390467:SUCCESS
